

> @calimero-network/mero-ui@0.0.2 build /Users/xilosada/dev/calimero/design-system/packages/ui
> tsup

[34mCLI[39m Building entry: src/index.ts
[34mCLI[39m Using tsconfig: tsconfig.json
[34mCLI[39m tsup v8.5.0
[34mCLI[39m Using tsup config: /Users/xilosada/dev/calimero/design-system/packages/ui/tsup.config.ts
[34mCLI[39m Target: es2022
[34mCLI[39m Cleaning output folder
[34mCJS[39m Build start
[34mESM[39m Build start
[32mCJS[39m [1mdist/index.js     [22m[32m166.17 KB[39m
[32mCJS[39m [1mdist/index.js.map [22m[32m220.94 KB[39m
[32mCJS[39m ⚡️ Build success in 26ms
[32mESM[39m [1mdist/index.mjs     [22m[32m151.87 KB[39m
[32mESM[39m [1mdist/index.mjs.map [22m[32m224.26 KB[39m
[32mESM[39m ⚡️ Build success in 26ms
DTS Build start
DTS ⚡️ Build success in 710ms
DTS dist/index.d.ts  1.00 KB
DTS dist/index.d.mts 1.00 KB
